Removed Pin From Net: NetName=V12 Pin=C4-1
Removed Pin From Net: NetName=GND Pin=C4-2
Removed Pin From Net: NetName=V12 Pin=L1-2
Change Component DesignItemId : Designator=C4 Old DesignItemId=Capacitor Polarised New DesignItemId=Capacitor
Change Component Footprint: Designator=C1 Old Footprint=CAPC1608N New Footprint=CAPC2012N
Change Component Footprint: Designator=C4 Old Footprint=CAPPR2.5-6.3x15 New Footprint=CAPC2012N
Change Component Comment : Designator=C4 Old Comment=47µF New Comment=10µF
Change Component Comment : Designator=C1 Old Comment=100nF New Comment=10µF
Change Component Comment : Designator=L1 Old Comment=100µH New Comment=6.8µH
Added Component: Designator=C6(CAPC1608N)
Added Component: Designator=C7(CAPC1608N)
Added Component: Designator=C8(CAPC1608N)
Added Component: Designator=D1(DO-214AC)
Added Component: Designator=P3(HDR1X2)
Added Component: Designator=R4(RESC1608N)
Added Component: Designator=R5(RESC1608N)
Added Component: Designator=R6(RESC1608N)
Added Component: Designator=U3(SOT23-3N)
Added Pin To Net: NetName=GND Pin=C4-1
Added Pin To Net: NetName=V12 Pin=C4-2
Added Pin To Net: NetName=GND Pin=C6-1
Added Pin To Net: NetName=V5 Pin=C6-2
Added Pin To Net: NetName=GND Pin=C7-1
Added Pin To Net: NetName=V12 Pin=C8-2
Added Pin To Net: NetName=V12 Pin=D1-K
Added Pin To Net: NetName=GND Pin=P3-1
Added Pin To Net: NetName=V5 Pin=P3-2
Added Pin To Net: NetName=V12 Pin=R5-2
Added Pin To Net: NetName=GND Pin=R6-1
Added Pin To Net: NetName=V5 Pin=U3-1
Added Pin To Net: NetName=GND Pin=U3-3
Added Pin To Net: NetName=NetC7_2 Pin=C7-2
Added Pin To Net: NetName=NetC7_2 Pin=R4-1
Added Pin To Net: NetName=NetC7_2 Pin=U2-7
Added Net: Name=NetC7_2
Added Pin To Net: NetName=NetC8_1 Pin=C8-1
Added Pin To Net: NetName=NetC8_1 Pin=R5-1
Added Pin To Net: NetName=NetC8_1 Pin=R6-2
Added Net: Name=NetC8_1
Added Pin To Net: NetName=NetR4_2 Pin=R4-2
Added Pin To Net: NetName=NetR4_2 Pin=U3-2
Added Net: Name=NetR4_2
Added Member To Class: ClassName=Temp Supervisor Member=Component C6 100nF
Added Member To Class: ClassName=Temp Supervisor Member=Component C7 100nF
Added Member To Class: ClassName=Temp Supervisor Member=Component C8 220pF
Added Member To Class: ClassName=Temp Supervisor Member=Component D1 
Added Member To Class: ClassName=Temp Supervisor Member=Component P3 Header 2
Added Member To Class: ClassName=Temp Supervisor Member=Component R4 0
Added Member To Class: ClassName=Temp Supervisor Member=Component R5 
Added Member To Class: ClassName=Temp Supervisor Member=Component R6 
Added Member To Class: ClassName=Temp Supervisor Member=Component U3 LMT90
